<?xml version="1.0" encoding="UTF-8" standalone="no"?>
<!DOCTYPE log SYSTEM "logger.dtd">
<log>
<record>
  <date>2019-07-30T11:44:09</date>
  <millis>1564467249288</millis>
  <sequence>0</sequence>
  <level>START</level>
  <class>com.kms.katalon.core.logging.XmlKeywordLogger</class>
  <method>startSuite</method>
  <thread>1</thread>
  <message>Start Test Suite : Test Suites/DB_TestSuite</message>
  <nestedLevel>0</nestedLevel>
  <property name="name">DB_TestSuite</property>
  <property name="description"></property>
  <property name="id">Test Suites/DB_TestSuite</property>
</record>
<record>
  <date>2019-07-30T11:44:09</date>
  <millis>1564467249312</millis>
  <sequence>1</sequence>
  <level>RUN_DATA</level>
  <class>com.kms.katalon.core.logging.XmlKeywordLogger</class>
  <method>logMessage</method>
  <thread>1</thread>
  <message>hostName = divsrini - DIVSRINI-IN.in.oracle.com</message>
  <nestedLevel>0</nestedLevel>
  <property name="hostName">divsrini - DIVSRINI-IN.in.oracle.com</property>
</record>
<record>
  <date>2019-07-30T11:44:09</date>
  <millis>1564467249314</millis>
  <sequence>2</sequence>
  <level>RUN_DATA</level>
  <class>com.kms.katalon.core.logging.XmlKeywordLogger</class>
  <method>logMessage</method>
  <thread>1</thread>
  <message>os = Windows 10 64bit</message>
  <nestedLevel>0</nestedLevel>
  <property name="os">Windows 10 64bit</property>
</record>
<record>
  <date>2019-07-30T11:44:09</date>
  <millis>1564467249314</millis>
  <sequence>3</sequence>
  <level>RUN_DATA</level>
  <class>com.kms.katalon.core.logging.XmlKeywordLogger</class>
  <method>logMessage</method>
  <thread>1</thread>
  <message>hostAddress = 10.7.203.162</message>
  <nestedLevel>0</nestedLevel>
  <property name="hostAddress">10.7.203.162</property>
</record>
<record>
  <date>2019-07-30T11:44:09</date>
  <millis>1564467249317</millis>
  <sequence>4</sequence>
  <level>RUN_DATA</level>
  <class>com.kms.katalon.core.logging.XmlKeywordLogger</class>
  <method>logMessage</method>
  <thread>1</thread>
  <message>katalonVersion = 6.2.0.1</message>
  <nestedLevel>0</nestedLevel>
  <property name="katalonVersion">6.2.0.1</property>
</record>
<record>
  <date>2019-07-30T11:44:09</date>
  <millis>1564467249757</millis>
  <sequence>5</sequence>
  <level>START</level>
  <class>com.kms.katalon.core.logging.XmlKeywordLogger</class>
  <method>startTest</method>
  <thread>1</thread>
  <message>Start Test Case : Test Cases/DBTestCase</message>
  <nestedLevel>1</nestedLevel>
  <property name="name">Test Cases/DBTestCase</property>
  <property name="description"></property>
  <property name="id">Test Cases/DBTestCase</property>
  <property name="source">C:\\Users\\divsrini\\Katalon Studio\\First APIService Proj\\Test Cases\\DBTestCase.tc</property>
  <property name="tag"></property>
  <property name="isOptional">false</property>
</record>
<record>
  <date>2019-07-30T11:44:10</date>
  <millis>1564467250646</millis>
  <sequence>7</sequence>
  <level>START</level>
  <class>com.kms.katalon.core.logging.XmlKeywordLogger</class>
  <method>startKeyword</method>
  <thread>1</thread>
  <message>Start action : sendRequest(findTestObject(\&amp;quot;AAIService/Generate Token\&amp;quot;))</message>
  <nestedLevel>1</nestedLevel>
  <property name="startLine">19</property>
  <property name="stepIndex">1</property>
</record>
<record>
  <date>2019-07-30T11:44:12</date>
  <millis>1564467252051</millis>
  <sequence>11</sequence>
  <level>INFO</level>
  <class>com.kms.katalon.core.logging.XmlKeywordLogger</class>
  <method>logMessage</method>
  <thread>1</thread>
  <message>HAR: C:\\Users\\divsrini\\Katalon Studio\\First APIService Proj\\Reports\\DB_TestSuite\\20190730_114405\\requests\\main\\0.har</message>
  <nestedLevel>1</nestedLevel>
  <property name="harId">99d9dd45-f969-4a5d-890c-d6486eb2efbc</property>
</record>
<record>
  <date>2019-07-30T11:44:12</date>
  <millis>1564467252323</millis>
  <sequence>12</sequence>
  <level>PASSED</level>
  <class>com.kms.katalon.core.logging.XmlKeywordLogger</class>
  <method>logMessage</method>
  <thread>1</thread>
  <message>Send request successfully</message>
  <nestedLevel>1</nestedLevel>
</record>
<record>
  <date>2019-07-30T11:44:12</date>
  <millis>1564467252325</millis>
  <sequence>13</sequence>
  <level>END</level>
  <class>com.kms.katalon.core.logging.XmlKeywordLogger</class>
  <method>endKeyword</method>
  <thread>1</thread>
  <message>End action : sendRequest(findTestObject(\&amp;quot;AAIService/Generate Token\&amp;quot;))</message>
  <nestedLevel>1</nestedLevel>
</record>
<record>
  <date>2019-07-30T11:44:12</date>
  <millis>1564467252326</millis>
  <sequence>14</sequence>
  <level>START</level>
  <class>com.kms.katalon.core.logging.XmlKeywordLogger</class>
  <method>startKeyword</method>
  <thread>1</thread>
  <message>Start action : dbConn.DemoMySql.connectDB(\&amp;quot;whf00btz.in.oracle.com\&amp;quot;, \&amp;quot;1521\&amp;quot;, \&amp;quot;PERL12CR2\&amp;quot;, \&amp;quot;nxg1_config01\&amp;quot;, \&amp;quot;password123\&amp;quot;)</message>
  <nestedLevel>1</nestedLevel>
  <property name="startLine">21</property>
  <property name="stepIndex">2</property>
</record>
<record>
  <date>2019-07-30T11:44:13</date>
  <millis>1564467253412</millis>
  <sequence>15</sequence>
  <level>PASSED</level>
  <class>com.kms.katalon.core.logging.XmlKeywordLogger</class>
  <method>logMessage</method>
  <thread>1</thread>
  <message>dbConn.DemoMySql.connectDB is PASSED</message>
  <nestedLevel>1</nestedLevel>
</record>
<record>
  <date>2019-07-30T11:44:13</date>
  <millis>1564467253413</millis>
  <sequence>16</sequence>
  <level>END</level>
  <class>com.kms.katalon.core.logging.XmlKeywordLogger</class>
  <method>endKeyword</method>
  <thread>1</thread>
  <message>End action : dbConn.DemoMySql.connectDB(\&amp;quot;whf00btz.in.oracle.com\&amp;quot;, \&amp;quot;1521\&amp;quot;, \&amp;quot;PERL12CR2\&amp;quot;, \&amp;quot;nxg1_config01\&amp;quot;, \&amp;quot;password123\&amp;quot;)</message>
  <nestedLevel>1</nestedLevel>
</record>
<record>
  <date>2019-07-30T11:44:13</date>
  <millis>1564467253413</millis>
  <sequence>17</sequence>
  <level>START</level>
  <class>com.kms.katalon.core.logging.XmlKeywordLogger</class>
  <method>startKeyword</method>
  <thread>1</thread>
  <message>Start action : GroupCode = \&amp;quot;TestGId5\&amp;quot;</message>
  <nestedLevel>1</nestedLevel>
  <property name="startLine">23</property>
  <property name="stepIndex">3</property>
</record>
<record>
  <date>2019-07-30T11:44:13</date>
  <millis>1564467253415</millis>
  <sequence>18</sequence>
  <level>END</level>
  <class>com.kms.katalon.core.logging.XmlKeywordLogger</class>
  <method>endKeyword</method>
  <thread>1</thread>
  <message>End action : GroupCode = \&amp;quot;TestGId5\&amp;quot;</message>
  <nestedLevel>1</nestedLevel>
</record>
<record>
  <date>2019-07-30T11:44:13</date>
  <millis>1564467253415</millis>
  <sequence>19</sequence>
  <level>START</level>
  <class>com.kms.katalon.core.logging.XmlKeywordLogger</class>
  <method>startKeyword</method>
  <thread>1</thread>
  <message>Start action : rs = dbConn.DemoMySql.executeQuery(\&amp;quot;select * from CSSMS_GROUP_MAST where V_GROUP_CODE=\&amp;quot; + GroupCode)</message>
  <nestedLevel>1</nestedLevel>
  <property name="startLine">24</property>
  <property name="stepIndex">4</property>
</record>
<record>
  <date>2019-07-30T11:44:13</date>
  <millis>1564467253904</millis>
  <sequence>21</sequence>
  <level>ERROR</level>
  <class>com.kms.katalon.core.logging.XmlKeywordLogger</class>
  <method>logMessage</method>
  <thread>1</thread>
  <message>java.sql.SQLSyntaxErrorException: ORA-00904: \&amp;quot;TESTGID5\&amp;quot;: invalid identifier\n</message>
  <nestedLevel>1</nestedLevel>
  <property name="failed.exception.class">java.sql.SQLSyntaxErrorException</property>
  <property name="failed.exception.stacktrace">java.sql.SQLSyntaxErrorException: ORA-00904: \&quot;TESTGID5\&quot;: invalid identifier\n\r\n\tat oracle.jdbc.driver.T4CTTIoer.processError(T4CTTIoer.java:450)\r\n\tat oracle.jdbc.driver.T4CTTIoer.processError(T4CTTIoer.java:399)\r\n\tat oracle.jdbc.driver.T4C8Oall.processError(T4C8Oall.java:1059)\r\n\tat oracle.jdbc.driver.T4CTTIfun.receive(T4CTTIfun.java:522)\r\n\tat oracle.jdbc.driver.T4CTTIfun.doRPC(T4CTTIfun.java:257)\r\n\tat oracle.jdbc.driver.T4C8Oall.doOALL(T4C8Oall.java:587)\r\n\tat oracle.jdbc.driver.T4CStatement.doOall8(T4CStatement.java:210)\r\n\tat oracle.jdbc.driver.T4CStatement.doOall8(T4CStatement.java:30)\r\n\tat oracle.jdbc.driver.T4CStatement.executeForDescribe(T4CStatement.java:762)\r\n\tat oracle.jdbc.driver.OracleStatement.executeMaybeDescribe(OracleStatement.java:925)\r\n\tat oracle.jdbc.driver.OracleStatement.doExecuteWithTimeout(OracleStatement.java:1111)\r\n\tat oracle.jdbc.driver.OracleStatement.executeQuery(OracleStatement.java:1309)\r\n\tat oracle.jdbc.driver.OracleStatementWrapper.executeQuery(OracleStatementWrapper.java:422)\r\n\tat java_sql_Statement$executeQuery.call(Unknown Source)\r\n\tat dbConn.DemoMySql.executeQuery(DemoMySql.groovy:75)\r\n\tat dbConn.DemoMySql.invokeMethod(DemoMySql.groovy)\r\n\tat com.kms.katalon.core.main.CustomKeywordDelegatingMetaClass.invokeStaticMethod(CustomKeywordDelegatingMetaClass.java:50)\r\n\tat DBTestCase.run(DBTestCase:24)\r\n\tat com.kms.katalon.core.main.ScriptEngine.run(ScriptEngine.java:194)\r\n\tat com.kms.katalon.core.main.ScriptEngine.runScriptAsRawText(ScriptEngine.java:119)\r\n\tat com.kms.katalon.core.main.TestCaseExecutor.runScript(TestCaseExecutor.java:337)\r\n\tat com.kms.katalon.core.main.TestCaseExecutor.doExecute(TestCaseExecutor.java:328)\r\n\tat com.kms.katalon.core.main.TestCaseExecutor.processExecutionPhase(TestCaseExecutor.java:307)\r\n\tat com.kms.katalon.core.main.TestCaseExecutor.accessMainPhase(TestCaseExecutor.java:299)\r\n\tat com.kms.katalon.core.main.TestCaseExecutor.execute(TestCaseExecutor.java:233)\r\n\tat com.kms.katalon.core.main.TestSuiteExecutor.accessTestCaseMainPhase(TestSuiteExecutor.java:133)\r\n\tat com.kms.katalon.core.main.TestSuiteExecutor.accessTestSuiteMainPhase(TestSuiteExecutor.java:116)\r\n\tat com.kms.katalon.core.main.TestSuiteExecutor.execute(TestSuiteExecutor.java:83)\r\n\tat com.kms.katalon.core.main.TestCaseMain.startTestSuite(TestCaseMain.java:157)\r\n\tat com.kms.katalon.core.main.TestCaseMain$startTestSuite$0.call(Unknown Source)\r\n\tat TempTestSuite1564467245372.run(TempTestSuite1564467245372.groovy:35)\r\n</property>
  <property name="failed.exception.message">ORA-00904: \&quot;TESTGID5\&quot;: invalid identifier\n</property>
</record>
<record>
  <date>2019-07-30T11:44:13</date>
  <millis>1564467253907</millis>
  <sequence>22</sequence>
  <level>END</level>
  <class>com.kms.katalon.core.logging.XmlKeywordLogger</class>
  <method>endKeyword</method>
  <thread>1</thread>
  <message>End action : rs = dbConn.DemoMySql.executeQuery(\&amp;quot;select * from CSSMS_GROUP_MAST where V_GROUP_CODE=\&amp;quot; + GroupCode)</message>
  <nestedLevel>1</nestedLevel>
</record>
<record>
  <date>2019-07-30T11:44:13</date>
  <millis>1564467253908</millis>
  <sequence>25</sequence>
  <level>ERROR</level>
  <class>com.kms.katalon.core.logging.XmlKeywordLogger</class>
  <method>logMessage</method>
  <thread>1</thread>
  <message>Test Cases/DBTestCase FAILED.\nReason:\norg.codehaus.groovy.runtime.InvokerInvocationException: java.sql.SQLSyntaxErrorException: ORA-00904: \&amp;quot;TESTGID5\&amp;quot;: invalid identifier\n\r\n\tat dbConn.DemoMySql.invokeMethod(DemoMySql.groovy)\r\n\tat com.kms.katalon.core.main.CustomKeywordDelegatingMetaClass.invokeStaticMethod(CustomKeywordDelegatingMetaClass.java:50)\r\n\tat DBTestCase.run(DBTestCase:24)\r\n\tat com.kms.katalon.core.main.ScriptEngine.run(ScriptEngine.java:194)\r\n\tat com.kms.katalon.core.main.ScriptEngine.runScriptAsRawText(ScriptEngine.java:119)\r\n\tat com.kms.katalon.core.main.TestCaseExecutor.runScript(TestCaseExecutor.java:337)\r\n\tat com.kms.katalon.core.main.TestCaseExecutor.doExecute(TestCaseExecutor.java:328)\r\n\tat com.kms.katalon.core.main.TestCaseExecutor.processExecutionPhase(TestCaseExecutor.java:307)\r\n\tat com.kms.katalon.core.main.TestCaseExecutor.accessMainPhase(TestCaseExecutor.java:299)\r\n\tat com.kms.katalon.core.main.TestCaseExecutor.execute(TestCaseExecutor.java:233)\r\n\tat com.kms.katalon.core.main.TestSuiteExecutor.accessTestCaseMainPhase(TestSuiteExecutor.java:133)\r\n\tat com.kms.katalon.core.main.TestSuiteExecutor.accessTestSuiteMainPhase(TestSuiteExecutor.java:116)\r\n\tat com.kms.katalon.core.main.TestSuiteExecutor.execute(TestSuiteExecutor.java:83)\r\n\tat com.kms.katalon.core.main.TestCaseMain.startTestSuite(TestCaseMain.java:157)\r\n\tat com.kms.katalon.core.main.TestCaseMain$startTestSuite$0.call(Unknown Source)\r\n\tat TempTestSuite1564467245372.run(TempTestSuite1564467245372.groovy:35)\r\nCaused by: java.sql.SQLSyntaxErrorException: ORA-00904: \&amp;quot;TESTGID5\&amp;quot;: invalid identifier\n\r\n\tat oracle.jdbc.driver.T4CTTIoer.processError(T4CTTIoer.java:450)\r\n\tat oracle.jdbc.driver.T4CTTIoer.processError(T4CTTIoer.java:399)\r\n\tat oracle.jdbc.driver.T4C8Oall.processError(T4C8Oall.java:1059)\r\n\tat oracle.jdbc.driver.T4CTTIfun.receive(T4CTTIfun.java:522)\r\n\tat oracle.jdbc.driver.T4CTTIfun.doRPC(T4CTTIfun.java:257)\r\n\tat oracle.jdbc.driver.T4C8Oall.doOALL(T4C8Oall.java:587)\r\n\tat oracle.jdbc.driver.T4CStatement.doOall8(T4CStatement.java:210)\r\n\tat oracle.jdbc.driver.T4CStatement.doOall8(T4CStatement.java:30)\r\n\tat oracle.jdbc.driver.T4CStatement.executeForDescribe(T4CStatement.java:762)\r\n\tat oracle.jdbc.driver.OracleStatement.executeMaybeDescribe(OracleStatement.java:925)\r\n\tat oracle.jdbc.driver.OracleStatement.doExecuteWithTimeout(OracleStatement.java:1111)\r\n\tat oracle.jdbc.driver.OracleStatement.executeQuery(OracleStatement.java:1309)\r\n\tat oracle.jdbc.driver.OracleStatementWrapper.executeQuery(OracleStatementWrapper.java:422)\r\n\tat java_sql_Statement$executeQuery.call(Unknown Source)\r\n\tat dbConn.DemoMySql.executeQuery(DemoMySql.groovy:75)\r\n\t... 16 more\r\n</message>
  <exception>
    <message>org.codehaus.groovy.runtime.InvokerInvocationException: java.sql.SQLSyntaxErrorException: ORA-00904: "TESTGID5": invalid identifier
</message>
    <frame>
      <class>dbConn.DemoMySql</class>
      <method>invokeMethod</method>
    </frame>
    <frame>
      <class>com.kms.katalon.core.main.CustomKeywordDelegatingMetaClass</class>
      <method>invokeStaticMethod</method>
      <line>50</line>
    </frame>
    <frame>
      <class>DBTestCase</class>
      <method>run</method>
      <line>24</line>
    </frame>
    <frame>
      <class>com.kms.katalon.core.main.ScriptEngine</class>
      <method>run</method>
      <line>194</line>
    </frame>
    <frame>
      <class>com.kms.katalon.core.main.ScriptEngine</class>
      <method>runScriptAsRawText</method>
      <line>119</line>
    </frame>
    <frame>
      <class>com.kms.katalon.core.main.TestCaseExecutor</class>
      <method>runScript</method>
      <line>337</line>
    </frame>
    <frame>
      <class>com.kms.katalon.core.main.TestCaseExecutor</class>
      <method>doExecute</method>
      <line>328</line>
    </frame>
    <frame>
      <class>com.kms.katalon.core.main.TestCaseExecutor</class>
      <method>processExecutionPhase</method>
      <line>307</line>
    </frame>
    <frame>
      <class>com.kms.katalon.core.main.TestCaseExecutor</class>
      <method>accessMainPhase</method>
      <line>299</line>
    </frame>
    <frame>
      <class>com.kms.katalon.core.main.TestCaseExecutor</class>
      <method>execute</method>
      <line>233</line>
    </frame>
    <frame>
      <class>com.kms.katalon.core.main.TestSuiteExecutor</class>
      <method>accessTestCaseMainPhase</method>
      <line>133</line>
    </frame>
    <frame>
      <class>com.kms.katalon.core.main.TestSuiteExecutor</class>
      <method>accessTestSuiteMainPhase</method>
      <line>116</line>
    </frame>
    <frame>
      <class>com.kms.katalon.core.main.TestSuiteExecutor</class>
      <method>execute</method>
      <line>83</line>
    </frame>
    <frame>
      <class>com.kms.katalon.core.main.TestCaseMain</class>
      <method>startTestSuite</method>
      <line>157</line>
    </frame>
    <frame>
      <class>com.kms.katalon.core.main.TestCaseMain$startTestSuite$0</class>
      <method>call</method>
    </frame>
    <frame>
      <class>TempTestSuite1564467245372</class>
      <method>run</method>
      <line>35</line>
    </frame>
  </exception>
  <nestedLevel>0</nestedLevel>
  <property name="failed.exception.stacktrace">java.sql.SQLSyntaxErrorException: ORA-00904: \&quot;TESTGID5\&quot;: invalid identifier\n\r\n\tat oracle.jdbc.driver.T4CTTIoer.processError(T4CTTIoer.java:450)\r\n\tat oracle.jdbc.driver.T4CTTIoer.processError(T4CTTIoer.java:399)\r\n\tat oracle.jdbc.driver.T4C8Oall.processError(T4C8Oall.java:1059)\r\n\tat oracle.jdbc.driver.T4CTTIfun.receive(T4CTTIfun.java:522)\r\n\tat oracle.jdbc.driver.T4CTTIfun.doRPC(T4CTTIfun.java:257)\r\n\tat oracle.jdbc.driver.T4C8Oall.doOALL(T4C8Oall.java:587)\r\n\tat oracle.jdbc.driver.T4CStatement.doOall8(T4CStatement.java:210)\r\n\tat oracle.jdbc.driver.T4CStatement.doOall8(T4CStatement.java:30)\r\n\tat oracle.jdbc.driver.T4CStatement.executeForDescribe(T4CStatement.java:762)\r\n\tat oracle.jdbc.driver.OracleStatement.executeMaybeDescribe(OracleStatement.java:925)\r\n\tat oracle.jdbc.driver.OracleStatement.doExecuteWithTimeout(OracleStatement.java:1111)\r\n\tat oracle.jdbc.driver.OracleStatement.executeQuery(OracleStatement.java:1309)\r\n\tat oracle.jdbc.driver.OracleStatementWrapper.executeQuery(OracleStatementWrapper.java:422)\r\n\tat java_sql_Statement$executeQuery.call(Unknown Source)\r\n\tat dbConn.DemoMySql.executeQuery(DemoMySql.groovy:75)\r\n\tat dbConn.DemoMySql.invokeMethod(DemoMySql.groovy)\r\n\tat com.kms.katalon.core.main.CustomKeywordDelegatingMetaClass.invokeStaticMethod(CustomKeywordDelegatingMetaClass.java:50)\r\n\tat DBTestCase.run(DBTestCase:24)\r\n\tat com.kms.katalon.core.main.ScriptEngine.run(ScriptEngine.java:194)\r\n\tat com.kms.katalon.core.main.ScriptEngine.runScriptAsRawText(ScriptEngine.java:119)\r\n\tat com.kms.katalon.core.main.TestCaseExecutor.runScript(TestCaseExecutor.java:337)\r\n\tat com.kms.katalon.core.main.TestCaseExecutor.doExecute(TestCaseExecutor.java:328)\r\n\tat com.kms.katalon.core.main.TestCaseExecutor.processExecutionPhase(TestCaseExecutor.java:307)\r\n\tat com.kms.katalon.core.main.TestCaseExecutor.accessMainPhase(TestCaseExecutor.java:299)\r\n\tat com.kms.katalon.core.main.TestCaseExecutor.execute(TestCaseExecutor.java:233)\r\n\tat com.kms.katalon.core.main.TestSuiteExecutor.accessTestCaseMainPhase(TestSuiteExecutor.java:133)\r\n\tat com.kms.katalon.core.main.TestSuiteExecutor.accessTestSuiteMainPhase(TestSuiteExecutor.java:116)\r\n\tat com.kms.katalon.core.main.TestSuiteExecutor.execute(TestSuiteExecutor.java:83)\r\n\tat com.kms.katalon.core.main.TestCaseMain.startTestSuite(TestCaseMain.java:157)\r\n\tat com.kms.katalon.core.main.TestCaseMain$startTestSuite$0.call(Unknown Source)\r\n\tat TempTestSuite1564467245372.run(TempTestSuite1564467245372.groovy:35)\r\n</property>
  <property name="failed.exception.class">java.sql.SQLSyntaxErrorException</property>
  <property name="failed.exception.message">ORA-00904: \&quot;TESTGID5\&quot;: invalid identifier\n</property>
</record>
<record>
  <date>2019-07-30T11:44:13</date>
  <millis>1564467253918</millis>
  <sequence>27</sequence>
  <level>END</level>
  <class>com.kms.katalon.core.logging.XmlKeywordLogger</class>
  <method>endTest</method>
  <thread>1</thread>
  <message>End Test Case : Test Cases/DBTestCase</message>
  <nestedLevel>0</nestedLevel>
</record>
<record>
  <date>2019-07-30T11:44:14</date>
  <millis>1564467254135</millis>
  <sequence>28</sequence>
  <level>END</level>
  <class>com.kms.katalon.core.logging.XmlKeywordLogger</class>
  <method>endSuite</method>
  <thread>1</thread>
  <message>End Test Suite : Test Suites/DB_TestSuite</message>
  <nestedLevel>0</nestedLevel>
</record>
<!DOCTYPE log SYSTEM "logger.dtd">
<record>
  <date>2019-07-30T14:18:15</date>
  <millis>1564476495234</millis>
  <sequence>21</sequence>
  <level>RUN_DATA</level>
  <class>com.kms.katalon.core.logging.XmlKeywordLogger</class>
  <method>logMessage</method>
  <thread>1</thread>
  <message>dbServerInfo = Oracle Oracle Database 12c Enterprise Edition Release 12.2.0.1.0 - 64bit Production</message>
  <nestedLevel>0</nestedLevel>
  <property name="dbServerInfo">Oracle Oracle Database 12c Enterprise Edition Release 12.2.0.1.0 - 64bit Production</property>
</record>
<?xml version="1.0" encoding="UTF-8" standalone="no"?>
<!DOCTYPE log SYSTEM "logger.dtd">
<record>
  <date>2019-07-31T19:06:13</date>
  <millis>1564580173773</millis>
  <sequence>42</sequence>
  <level>RUN_DATA</level>
  <class>com.kms.katalon.core.logging.XmlKeywordLogger</class>
  <method>logMessage</method>
  <thread>1</thread>
  <message>dbServerInfo = Oracle Oracle Database 12c Enterprise Edition Release 12.2.0.1.0 - 64bit Production</message>
  <nestedLevel>0</nestedLevel>
  <property name="dbServerInfo">Oracle Oracle Database 12c Enterprise Edition Release 12.2.0.1.0 - 64bit Production</property>
</record>
<record>
  <date>2019-08-01T09:34:41</date>
  <millis>1564632281362</millis>
  <sequence>990</sequence>
  <level>RUN_DATA</level>
  <class>com.kms.katalon.core.logging.XmlKeywordLogger</class>
  <method>logMessage</method>
  <thread>1</thread>
  <message>dbServerInfo = Oracle Oracle Database 12c Enterprise Edition Release 12.2.0.1.0 - 64bit Production</message>
  <nestedLevel>0</nestedLevel>
  <property name="dbServerInfo">Oracle Oracle Database 12c Enterprise Edition Release 12.2.0.1.0 - 64bit Production</property>
</record>
<record>
  <date>2019-08-01T09:34:44</date>
  <millis>1564632284867</millis>
  <sequence>991</sequence>
  <level>RUN_DATA</level>
  <class>com.kms.katalon.core.logging.XmlKeywordLogger</class>
  <method>logMessage</method>
  <thread>1</thread>
  <message>dbServerInfo = Oracle Oracle Database 12c Enterprise Edition Release 12.2.0.1.0 - 64bit Production</message>
  <nestedLevel>0</nestedLevel>
  <property name="dbServerInfo">Oracle Oracle Database 12c Enterprise Edition Release 12.2.0.1.0 - 64bit Production</property>
</record>
<record>
  <date>2019-08-01T09:34:56</date>
  <millis>1564632296238</millis>
  <sequence>992</sequence>
  <level>RUN_DATA</level>
  <class>com.kms.katalon.core.logging.XmlKeywordLogger</class>
  <method>logMessage</method>
  <thread>1</thread>
  <message>dbServerInfo = Oracle Oracle Database 12c Enterprise Edition Release 12.2.0.1.0 - 64bit Production</message>
  <nestedLevel>0</nestedLevel>
  <property name="dbServerInfo">Oracle Oracle Database 12c Enterprise Edition Release 12.2.0.1.0 - 64bit Production</property>
</record>
<record>
  <date>2019-08-01T09:36:21</date>
  <millis>1564632381243</millis>
  <sequence>993</sequence>
  <level>RUN_DATA</level>
  <class>com.kms.katalon.core.logging.XmlKeywordLogger</class>
  <method>logMessage</method>
  <thread>1</thread>
  <message>dbServerInfo = Oracle Oracle Database 12c Enterprise Edition Release 12.2.0.1.0 - 64bit Production</message>
  <nestedLevel>0</nestedLevel>
  <property name="dbServerInfo">Oracle Oracle Database 12c Enterprise Edition Release 12.2.0.1.0 - 64bit Production</property>
</record>
</log><?xml version="1.0" encoding="UTF-8" standalone="no"?>
<!DOCTYPE log SYSTEM "logger.dtd">
<log>
<record>
  <date>2019-08-01T10:05:04</date>
  <millis>1564634104268</millis>
  <sequence>42</sequence>
  <level>RUN_DATA</level>
  <class>com.kms.katalon.core.logging.XmlKeywordLogger</class>
  <method>logMessage</method>
  <thread>1</thread>
  <message>dbServerInfo = Oracle Oracle Database 12c Enterprise Edition Release 12.2.0.1.0 - 64bit Production</message>
  <nestedLevel>0</nestedLevel>
  <property name="dbServerInfo">Oracle Oracle Database 12c Enterprise Edition Release 12.2.0.1.0 - 64bit Production</property>
</record>
</log>
